0 info it worked if it ends with ok
1 verbose cli [ 'c:\\Program Files\\nodejs\\node.exe',
1 verbose cli   'c:\\Program Files\\nodejs\\node_modules\\npm\\bin\\npm-cli.js',
1 verbose cli   'install',
1 verbose cli   'bcrypt' ]
2 info using npm@2.10.1
3 info using node@v0.12.4
4 verbose install initial load of c:\Users\Patrick\Desktop\Sublime Projects\Week 9\Project\Sublease Website\package.json
5 warn package.json Subleasing_Website@0.0.1 No description
6 warn package.json Subleasing_Website@0.0.1 No repository field.
7 warn package.json Subleasing_Website@0.0.1 No README data
8 warn package.json Subleasing_Website@0.0.1 No license field.
9 verbose installManyTop reading scoped package data from c:\Users\Patrick\Desktop\Sublime Projects\Week 9\Project\Sublease Website\node_modules\bcrypt-nodejs\package.json
10 verbose installManyTop reading scoped package data from c:\Users\Patrick\Desktop\Sublime Projects\Week 9\Project\Sublease Website\node_modules\body-parser\package.json
11 verbose installManyTop reading scoped package data from c:\Users\Patrick\Desktop\Sublime Projects\Week 9\Project\Sublease Website\node_modules\express\package.json
12 verbose installManyTop reading scoped package data from c:\Users\Patrick\Desktop\Sublime Projects\Week 9\Project\Sublease Website\node_modules\mongoose\package.json
13 info package.json bcrypt-nodejs@0.0.3 No license field.
14 verbose readDependencies loading dependencies from c:\Users\Patrick\Desktop\Sublime Projects\Week 9\Project\Sublease Website\package.json
15 silly cache add args [ 'bcrypt', null ]
16 verbose cache add spec bcrypt
17 silly cache add parsed spec { raw: 'bcrypt',
17 silly cache add   scope: null,
17 silly cache add   name: 'bcrypt',
17 silly cache add   rawSpec: '',
17 silly cache add   spec: '*',
17 silly cache add   type: 'range' }
18 silly addNamed bcrypt@*
19 verbose addNamed "*" is a valid semver range for bcrypt
20 silly addNameRange { name: 'bcrypt', range: '*', hasData: false }
21 silly mapToRegistry name bcrypt
22 silly mapToRegistry using default registry
23 silly mapToRegistry registry https://registry.npmjs.org/
24 silly mapToRegistry uri https://registry.npmjs.org/bcrypt
25 verbose addNameRange registry:https://registry.npmjs.org/bcrypt not in flight; fetching
26 verbose request uri https://registry.npmjs.org/bcrypt
27 verbose request no auth needed
28 info attempt registry request try #1 at 12:28:13 PM
29 verbose request id 5fde3855685ab6c9
30 verbose etag "F5LKQ9M2S1IVB3ZKCW9RNP1VI"
31 http request GET https://registry.npmjs.org/bcrypt
32 http 304 https://registry.npmjs.org/bcrypt
33 silly get cb [ 304,
33 silly get   { date: 'Thu, 20 Aug 2015 19:28:15 GMT',
33 silly get     via: '1.1 varnish',
33 silly get     'cache-control': 'max-age=60',
33 silly get     etag: '"F5LKQ9M2S1IVB3ZKCW9RNP1VI"',
33 silly get     age: '0',
33 silly get     connection: 'keep-alive',
33 silly get     'x-served-by': 'cache-sjc3125-SJC',
33 silly get     'x-cache': 'HIT',
33 silly get     'x-cache-hits': '1',
33 silly get     'x-timer': 'S1440098895.472959,VS0,VE38',
33 silly get     vary: 'Accept' } ]
34 verbose etag https://registry.npmjs.org/bcrypt from cache
35 verbose get saving bcrypt to C:\Users\Patrick\AppData\Roaming\npm-cache\registry.npmjs.org\bcrypt\.cache.json
36 silly addNameRange number 2 { name: 'bcrypt', range: '*', hasData: true }
37 silly addNameRange versions [ 'bcrypt',
37 silly addNameRange   [ '0.1.2',
37 silly addNameRange     '0.2.0',
37 silly addNameRange     '0.2.1',
37 silly addNameRange     '0.1.3',
37 silly addNameRange     '0.2.2',
37 silly addNameRange     '0.2.3',
37 silly addNameRange     '0.2.4',
37 silly addNameRange     '0.3.0',
37 silly addNameRange     '0.3.1',
37 silly addNameRange     '0.3.2',
37 silly addNameRange     '0.4.0',
37 silly addNameRange     '0.4.1',
37 silly addNameRange     '0.5.0',
37 silly addNameRange     '0.6.0',
37 silly addNameRange     '0.7.0',
37 silly addNameRange     '0.7.1',
37 silly addNameRange     '0.7.2',
37 silly addNameRange     '0.7.3',
37 silly addNameRange     '0.7.4',
37 silly addNameRange     '0.7.5',
37 silly addNameRange     '0.7.6',
37 silly addNameRange     '0.7.7',
37 silly addNameRange     '0.7.8',
37 silly addNameRange     '0.8.0',
37 silly addNameRange     '0.8.1',
37 silly addNameRange     '0.8.2',
37 silly addNameRange     '0.8.3',
37 silly addNameRange     '0.8.4',
37 silly addNameRange     '0.8.5' ] ]
38 silly addNamed bcrypt@0.8.5
39 verbose addNamed "0.8.5" is a plain semver version for bcrypt
40 silly cache afterAdd bcrypt@0.8.5
41 verbose afterAdd C:\Users\Patrick\AppData\Roaming\npm-cache\bcrypt\0.8.5\package\package.json not in flight; writing
42 verbose afterAdd C:\Users\Patrick\AppData\Roaming\npm-cache\bcrypt\0.8.5\package\package.json written
43 silly install resolved [ { name: 'bcrypt',
43 silly install resolved     description: 'A bcrypt library for NodeJS.',
43 silly install resolved     keywords:
43 silly install resolved      [ 'bcrypt',
43 silly install resolved        'password',
43 silly install resolved        'auth',
43 silly install resolved        'authentication',
43 silly install resolved        'encryption',
43 silly install resolved        'crypt',
43 silly install resolved        'crypto' ],
43 silly install resolved     main: './bcrypt',
43 silly install resolved     version: '0.8.5',
43 silly install resolved     author: { name: 'Nick Campbell', url: 'https://github.com/ncb000gt' },
43 silly install resolved     engines: { node: '>= 0.6.0' },
43 silly install resolved     repository:
43 silly install resolved      { type: 'git',
43 silly install resolved        url: 'git+https://github.com/ncb000gt/node.bcrypt.js.git' },
43 silly install resolved     license: 'MIT',
43 silly install resolved     bugs: { url: 'https://github.com/ncb000gt/node.bcrypt.js/issues' },
43 silly install resolved     scripts:
43 silly install resolved      { test: 'node-gyp configure build && nodeunit test',
43 silly install resolved        install: 'node-gyp rebuild' },
43 silly install resolved     dependencies: { bindings: '1.2.1', nan: '2.0.5' },
43 silly install resolved     devDependencies: { nodeunit: '~0.9.1' },
43 silly install resolved     contributors:
43 silly install resolved      [ [Object],
43 silly install resolved        [Object],
43 silly install resolved        [Object],
43 silly install resolved        [Object],
43 silly install resolved        [Object],
43 silly install resolved        [Object],
43 silly install resolved        [Object],
43 silly install resolved        [Object],
43 silly install resolved        [Object],
43 silly install resolved        [Object],
43 silly install resolved        [Object],
43 silly install resolved        [Object],
43 silly install resolved        [Object],
43 silly install resolved        [Object] ],
43 silly install resolved     gypfile: true,
43 silly install resolved     gitHead: '5d97708f06754d7d7989c67ba867002d10013615',
43 silly install resolved     homepage: 'https://github.com/ncb000gt/node.bcrypt.js#readme',
43 silly install resolved     _id: 'bcrypt@0.8.5',
43 silly install resolved     _shasum: '8e5b81b4db80e944f440005979ca8d58a961861d',
43 silly install resolved     _from: 'bcrypt@*',
43 silly install resolved     _npmVersion: '2.13.3',
43 silly install resolved     _nodeVersion: '3.0.0',
43 silly install resolved     _npmUser: { name: 'defunctzombie', email: 'shtylman@gmail.com' },
43 silly install resolved     dist:
43 silly install resolved      { shasum: '8e5b81b4db80e944f440005979ca8d58a961861d',
43 silly install resolved        tarball: 'http://registry.npmjs.org/bcrypt/-/bcrypt-0.8.5.tgz' },
43 silly install resolved     maintainers: [ [Object], [Object], [Object], [Object] ],
43 silly install resolved     directories: {},
43 silly install resolved     _resolved: 'https://registry.npmjs.org/bcrypt/-/bcrypt-0.8.5.tgz',
43 silly install resolved     readme: 'ERROR: No README data found!' } ]
44 info install bcrypt@0.8.5 into c:\Users\Patrick\Desktop\Sublime Projects\Week 9\Project\Sublease Website
45 info installOne bcrypt@0.8.5
46 verbose installOne of bcrypt to c:\Users\Patrick\Desktop\Sublime Projects\Week 9\Project\Sublease Website not in flight; installing
47 verbose lock using C:\Users\Patrick\AppData\Roaming\npm-cache\_locks\bcrypt-b8e4e5ae701d8d9e.lock for c:\Users\Patrick\Desktop\Sublime Projects\Week 9\Project\Sublease Website\node_modules\bcrypt
48 silly install write writing bcrypt 0.8.5 to c:\Users\Patrick\Desktop\Sublime Projects\Week 9\Project\Sublease Website\node_modules\bcrypt
49 verbose unbuild node_modules\bcrypt
50 silly gentlyRm c:\Users\Patrick\Desktop\Sublime Projects\Week 9\Project\Sublease Website\node_modules\bcrypt is being purged from base c:\Users\Patrick\Desktop\Sublime Projects\Week 9\Project\Sublease Website
51 verbose gentlyRm don't care about contents; nuking c:\Users\Patrick\Desktop\Sublime Projects\Week 9\Project\Sublease Website\node_modules\bcrypt
52 verbose tar unpack C:\Users\Patrick\AppData\Roaming\npm-cache\bcrypt\0.8.5\package.tgz
53 verbose tar unpacking to c:\Users\Patrick\Desktop\Sublime Projects\Week 9\Project\Sublease Website\node_modules\bcrypt
54 silly gentlyRm c:\Users\Patrick\Desktop\Sublime Projects\Week 9\Project\Sublease Website\node_modules\bcrypt is being purged
55 verbose gentlyRm don't care about contents; nuking c:\Users\Patrick\Desktop\Sublime Projects\Week 9\Project\Sublease Website\node_modules\bcrypt
56 silly gunzTarPerm modes [ '777', '666' ]
57 silly gunzTarPerm extractEntry package.json
58 silly gunzTarPerm modified mode [ 'package.json', 420, 438 ]
59 silly gunzTarPerm extractEntry .npmignore
60 silly gunzTarPerm modified mode [ '.npmignore', 420, 438 ]
61 silly gunzTarPerm extractEntry README.md
62 silly gunzTarPerm modified mode [ 'README.md', 420, 438 ]
63 silly gunzTarPerm extractEntry LICENSE
64 silly gunzTarPerm modified mode [ 'LICENSE', 420, 438 ]
65 silly gunzTarPerm extractEntry bcrypt.js
66 silly gunzTarPerm modified mode [ 'bcrypt.js', 420, 438 ]
67 silly gunzTarPerm extractEntry binding.gyp
68 silly gunzTarPerm modified mode [ 'binding.gyp', 420, 438 ]
69 silly gunzTarPerm extractEntry .travis.yml
70 silly gunzTarPerm modified mode [ '.travis.yml', 420, 438 ]
71 silly gunzTarPerm extractEntry CHANGELOG.md
72 silly gunzTarPerm modified mode [ 'CHANGELOG.md', 420, 438 ]
73 silly gunzTarPerm extractEntry examples/async_compare.js
74 silly gunzTarPerm modified mode [ 'examples/async_compare.js', 420, 438 ]
75 silly gunzTarPerm extractEntry examples/forever_gen_salt.js
76 silly gunzTarPerm modified mode [ 'examples/forever_gen_salt.js', 420, 438 ]
77 silly gunzTarPerm extractEntry test/async.js
78 silly gunzTarPerm modified mode [ 'test/async.js', 420, 438 ]
79 silly gunzTarPerm extractEntry test/repetitions.js
80 silly gunzTarPerm modified mode [ 'test/repetitions.js', 420, 438 ]
81 silly gunzTarPerm extractEntry test/sync.js
82 silly gunzTarPerm modified mode [ 'test/sync.js', 420, 438 ]
83 silly gunzTarPerm extractEntry Makefile
84 silly gunzTarPerm modified mode [ 'Makefile', 420, 438 ]
85 silly gunzTarPerm extractEntry src/bcrypt.cc
86 silly gunzTarPerm modified mode [ 'src/bcrypt.cc', 420, 438 ]
87 silly gunzTarPerm extractEntry src/bcrypt_node.cc
88 silly gunzTarPerm modified mode [ 'src/bcrypt_node.cc', 420, 438 ]
89 silly gunzTarPerm extractEntry src/blowfish.cc
90 silly gunzTarPerm modified mode [ 'src/blowfish.cc', 420, 438 ]
91 silly gunzTarPerm extractEntry src/node_blf.h
92 silly gunzTarPerm modified mode [ 'src/node_blf.h', 420, 438 ]
93 silly gunzTarPerm extractEntry werker.yml
94 silly gunzTarPerm modified mode [ 'werker.yml', 420, 438 ]
95 verbose write writing to c:\Users\Patrick\Desktop\Sublime Projects\Week 9\Project\Sublease Website\node_modules\bcrypt\package.json
96 info preinstall bcrypt@0.8.5
97 verbose readDependencies loading dependencies from c:\Users\Patrick\Desktop\Sublime Projects\Week 9\Project\Sublease Website\node_modules\bcrypt\package.json
98 silly prepareForInstallMany adding bindings@1.2.1 from bcrypt dependencies
99 silly prepareForInstallMany adding nan@2.0.5 from bcrypt dependencies
100 verbose readDependencies loading dependencies from c:\Users\Patrick\Desktop\Sublime Projects\Week 9\Project\Sublease Website\node_modules\bcrypt\package.json
101 silly cache add args [ 'bindings@1.2.1', null ]
102 verbose cache add spec bindings@1.2.1
103 silly cache add args [ 'nan@2.0.5', null ]
104 verbose cache add spec nan@2.0.5
105 silly cache add parsed spec { raw: 'bindings@1.2.1',
105 silly cache add   scope: null,
105 silly cache add   name: 'bindings',
105 silly cache add   rawSpec: '1.2.1',
105 silly cache add   spec: '1.2.1',
105 silly cache add   type: 'version' }
106 silly addNamed bindings@1.2.1
107 verbose addNamed "1.2.1" is a plain semver version for bindings
108 silly mapToRegistry name bindings
109 silly mapToRegistry using default registry
110 silly mapToRegistry registry https://registry.npmjs.org/
111 silly mapToRegistry uri https://registry.npmjs.org/bindings
112 verbose addNameVersion registry:https://registry.npmjs.org/bindings not in flight; fetching
113 silly cache add parsed spec { raw: 'nan@2.0.5',
113 silly cache add   scope: null,
113 silly cache add   name: 'nan',
113 silly cache add   rawSpec: '2.0.5',
113 silly cache add   spec: '2.0.5',
113 silly cache add   type: 'version' }
114 silly addNamed nan@2.0.5
115 verbose addNamed "2.0.5" is a plain semver version for nan
116 silly mapToRegistry name nan
117 silly mapToRegistry using default registry
118 silly mapToRegistry registry https://registry.npmjs.org/
119 silly mapToRegistry uri https://registry.npmjs.org/nan
120 verbose addNameVersion registry:https://registry.npmjs.org/nan not in flight; fetching
121 verbose request uri https://registry.npmjs.org/bindings
122 verbose request no auth needed
123 info attempt registry request try #1 at 12:28:14 PM
124 verbose etag "BCS5XYG9ISNJFNKEL5FLOI5HX"
125 http request GET https://registry.npmjs.org/bindings
126 verbose request uri https://registry.npmjs.org/nan
127 verbose request no auth needed
128 info attempt registry request try #1 at 12:28:14 PM
129 verbose etag "41PIK59ZUA3ADEJCQ281I0TDQ"
130 http request GET https://registry.npmjs.org/nan
131 http 304 https://registry.npmjs.org/nan
132 silly get cb [ 304,
132 silly get   { date: 'Thu, 20 Aug 2015 19:28:16 GMT',
132 silly get     via: '1.1 varnish',
132 silly get     'cache-control': 'max-age=60',
132 silly get     etag: '"41PIK59ZUA3ADEJCQ281I0TDQ"',
132 silly get     age: '32',
132 silly get     connection: 'keep-alive',
132 silly get     'x-served-by': 'cache-sjc3122-SJC',
132 silly get     'x-cache': 'HIT',
132 silly get     'x-cache-hits': '3',
132 silly get     'x-timer': 'S1440098896.111003,VS0,VE0',
132 silly get     vary: 'Accept' } ]
133 verbose etag https://registry.npmjs.org/nan from cache
134 verbose get saving nan to C:\Users\Patrick\AppData\Roaming\npm-cache\registry.npmjs.org\nan\.cache.json
135 http 304 https://registry.npmjs.org/bindings
136 silly get cb [ 304,
136 silly get   { date: 'Thu, 20 Aug 2015 19:28:16 GMT',
136 silly get     via: '1.1 varnish',
136 silly get     'cache-control': 'max-age=60',
136 silly get     etag: '"BCS5XYG9ISNJFNKEL5FLOI5HX"',
136 silly get     age: '40',
136 silly get     connection: 'keep-alive',
136 silly get     'x-served-by': 'cache-sjc3120-SJC',
136 silly get     'x-cache': 'HIT',
136 silly get     'x-cache-hits': '1',
136 silly get     'x-timer': 'S1440098896.122970,VS0,VE0',
136 silly get     vary: 'Accept' } ]
137 verbose etag https://registry.npmjs.org/bindings from cache
138 verbose get saving bindings to C:\Users\Patrick\AppData\Roaming\npm-cache\registry.npmjs.org\bindings\.cache.json
139 silly cache afterAdd nan@2.0.5
140 verbose afterAdd C:\Users\Patrick\AppData\Roaming\npm-cache\nan\2.0.5\package\package.json not in flight; writing
141 silly cache afterAdd bindings@1.2.1
142 verbose afterAdd C:\Users\Patrick\AppData\Roaming\npm-cache\bindings\1.2.1\package\package.json not in flight; writing
143 verbose afterAdd C:\Users\Patrick\AppData\Roaming\npm-cache\nan\2.0.5\package\package.json written
144 verbose afterAdd C:\Users\Patrick\AppData\Roaming\npm-cache\bindings\1.2.1\package\package.json written
145 silly install resolved [ { name: 'nan',
145 silly install resolved     version: '2.0.5',
145 silly install resolved     description: 'Native Abstractions for Node.js: C++ header for Node 0.8->0.12 compatibility',
145 silly install resolved     main: 'include_dirs.js',
145 silly install resolved     repository: { type: 'git', url: 'git://github.com/nodejs/nan.git' },
145 silly install resolved     scripts:
145 silly install resolved      { test: 'tap --gc test/js/*-test.js',
145 silly install resolved        'rebuild-tests': 'pangyp rebuild --msvs_version=2013 --directory test',
145 silly install resolved        docs: 'doc/.build.sh' },
145 silly install resolved     contributors:
145 silly install resolved      [ [Object],
145 silly install resolved        [Object],
145 silly install resolved        [Object],
145 silly install resolved        [Object],
145 silly install resolved        [Object],
145 silly install resolved        [Object],
145 silly install resolved        [Object] ],
145 silly install resolved     devDependencies:
145 silly install resolved      { bindings: '~1.2.1',
145 silly install resolved        'node-gyp': '~2.0.2',
145 silly install resolved        pangyp: '~2.2.0',
145 silly install resolved        tap: '~0.7.1',
145 silly install resolved        xtend: '~4.0.0' },
145 silly install resolved     license: 'MIT',
145 silly install resolved     gitHead: 'd13a2e9ce762fd130877b53c71d35963fa2cf689',
145 silly install resolved     bugs: { url: 'https://github.com/nodejs/nan/issues' },
145 silly install resolved     homepage: 'https://github.com/nodejs/nan#readme',
145 silly install resolved     _id: 'nan@2.0.5',
145 silly install resolved     _shasum: '365888014be1fd178db0cbfa258edf7b0cb1c408',
145 silly install resolved     _from: 'nan@2.0.5',
145 silly install resolved     _npmVersion: '2.13.3',
145 silly install resolved     _nodeVersion: '3.0.0',
145 silly install resolved     _npmUser: { name: 'kkoopa', email: 'bbyholm@abo.fi' },
145 silly install resolved     maintainers: [ [Object], [Object] ],
145 silly install resolved     dist:
145 silly install resolved      { shasum: '365888014be1fd178db0cbfa258edf7b0cb1c408',
145 silly install resolved        tarball: 'http://registry.npmjs.org/nan/-/nan-2.0.5.tgz' },
145 silly install resolved     directories: {},
145 silly install resolved     _resolved: 'https://registry.npmjs.org/nan/-/nan-2.0.5.tgz',
145 silly install resolved     readme: 'ERROR: No README data found!' },
145 silly install resolved   { name: 'bindings',
145 silly install resolved     description: 'Helper module for loading your native module\'s .node file',
145 silly install resolved     keywords: [ 'native', 'addon', 'bindings', 'gyp', 'waf', 'c', 'c++' ],
145 silly install resolved     version: '1.2.1',
145 silly install resolved     author:
145 silly install resolved      { name: 'Nathan Rajlich',
145 silly install resolved        email: 'nathan@tootallnate.net',
145 silly install resolved        url: 'http://tootallnate.net' },
145 silly install resolved     repository:
145 silly install resolved      { type: 'git',
145 silly install resolved        url: 'git://github.com/TooTallNate/node-bindings.git' },
145 silly install resolved     main: './bindings.js',
145 silly install resolved     bugs: { url: 'https://github.com/TooTallNate/node-bindings/issues' },
145 silly install resolved     homepage: 'https://github.com/TooTallNate/node-bindings',
145 silly install resolved     license: 'MIT',
145 silly install resolved     gitHead: 'e404152ee27f8478ccbc7122ee051246e8e5ec02',
145 silly install resolved     _id: 'bindings@1.2.1',
145 silly install resolved     scripts: {},
145 silly install resolved     _shasum: '14ad6113812d2d37d72e67b4cacb4bb726505f11',
145 silly install resolved     _from: 'bindings@1.2.1',
145 silly install resolved     _npmVersion: '1.4.14',
145 silly install resolved     _npmUser: { name: 'tootallnate', email: 'nathan@tootallnate.net' },
145 silly install resolved     maintainers: [ [Object], [Object] ],
145 silly install resolved     dist:
145 silly install resolved      { shasum: '14ad6113812d2d37d72e67b4cacb4bb726505f11',
145 silly install resolved        tarball: 'http://registry.npmjs.org/bindings/-/bindings-1.2.1.tgz' },
145 silly install resolved     directories: {},
145 silly install resolved     _resolved: 'https://registry.npmjs.org/bindings/-/bindings-1.2.1.tgz',
145 silly install resolved     readme: 'ERROR: No README data found!' } ]
146 info install nan@2.0.5 into c:\Users\Patrick\Desktop\Sublime Projects\Week 9\Project\Sublease Website\node_modules\bcrypt
147 info install bindings@1.2.1 into c:\Users\Patrick\Desktop\Sublime Projects\Week 9\Project\Sublease Website\node_modules\bcrypt
148 info installOne nan@2.0.5
149 verbose installOne of nan to c:\Users\Patrick\Desktop\Sublime Projects\Week 9\Project\Sublease Website\node_modules\bcrypt not in flight; installing
150 info installOne bindings@1.2.1
151 verbose installOne of bindings to c:\Users\Patrick\Desktop\Sublime Projects\Week 9\Project\Sublease Website\node_modules\bcrypt not in flight; installing
152 verbose lock using C:\Users\Patrick\AppData\Roaming\npm-cache\_locks\nan-2da9c41294426e29.lock for c:\Users\Patrick\Desktop\Sublime Projects\Week 9\Project\Sublease Website\node_modules\bcrypt\node_modules\nan
153 verbose lock using C:\Users\Patrick\AppData\Roaming\npm-cache\_locks\bindings-9f34d95cbd2de6aa.lock for c:\Users\Patrick\Desktop\Sublime Projects\Week 9\Project\Sublease Website\node_modules\bcrypt\node_modules\bindings
154 silly install write writing nan 2.0.5 to c:\Users\Patrick\Desktop\Sublime Projects\Week 9\Project\Sublease Website\node_modules\bcrypt\node_modules\nan
155 silly install write writing bindings 1.2.1 to c:\Users\Patrick\Desktop\Sublime Projects\Week 9\Project\Sublease Website\node_modules\bcrypt\node_modules\bindings
156 verbose unbuild node_modules\bcrypt\node_modules\nan
157 verbose unbuild node_modules\bcrypt\node_modules\bindings
158 silly gentlyRm c:\Users\Patrick\Desktop\Sublime Projects\Week 9\Project\Sublease Website\node_modules\bcrypt\node_modules\nan is being purged from base c:\Users\Patrick\Desktop\Sublime Projects\Week 9\Project\Sublease Website
159 verbose gentlyRm don't care about contents; nuking c:\Users\Patrick\Desktop\Sublime Projects\Week 9\Project\Sublease Website\node_modules\bcrypt\node_modules\nan
160 verbose tar unpack C:\Users\Patrick\AppData\Roaming\npm-cache\nan\2.0.5\package.tgz
161 verbose tar unpacking to c:\Users\Patrick\Desktop\Sublime Projects\Week 9\Project\Sublease Website\node_modules\bcrypt\node_modules\nan
162 silly gentlyRm c:\Users\Patrick\Desktop\Sublime Projects\Week 9\Project\Sublease Website\node_modules\bcrypt\node_modules\nan is being purged
163 verbose gentlyRm don't care about contents; nuking c:\Users\Patrick\Desktop\Sublime Projects\Week 9\Project\Sublease Website\node_modules\bcrypt\node_modules\nan
164 silly gentlyRm c:\Users\Patrick\Desktop\Sublime Projects\Week 9\Project\Sublease Website\node_modules\bcrypt\node_modules\bindings is being purged from base c:\Users\Patrick\Desktop\Sublime Projects\Week 9\Project\Sublease Website
165 verbose gentlyRm don't care about contents; nuking c:\Users\Patrick\Desktop\Sublime Projects\Week 9\Project\Sublease Website\node_modules\bcrypt\node_modules\bindings
166 silly gunzTarPerm modes [ '777', '666' ]
167 verbose tar unpack C:\Users\Patrick\AppData\Roaming\npm-cache\bindings\1.2.1\package.tgz
168 verbose tar unpacking to c:\Users\Patrick\Desktop\Sublime Projects\Week 9\Project\Sublease Website\node_modules\bcrypt\node_modules\bindings
169 silly gentlyRm c:\Users\Patrick\Desktop\Sublime Projects\Week 9\Project\Sublease Website\node_modules\bcrypt\node_modules\bindings is being purged
170 verbose gentlyRm don't care about contents; nuking c:\Users\Patrick\Desktop\Sublime Projects\Week 9\Project\Sublease Website\node_modules\bcrypt\node_modules\bindings
171 silly gunzTarPerm modes [ '777', '666' ]
172 silly gunzTarPerm extractEntry package.json
173 silly gunzTarPerm modified mode [ 'package.json', 436, 438 ]
174 silly gunzTarPerm extractEntry package.json
175 silly gunzTarPerm modified mode [ 'package.json', 420, 438 ]
176 silly gunzTarPerm extractEntry README.md
177 silly gunzTarPerm modified mode [ 'README.md', 436, 438 ]
178 silly gunzTarPerm extractEntry include_dirs.js
179 silly gunzTarPerm modified mode [ 'include_dirs.js', 436, 438 ]
180 silly gunzTarPerm extractEntry README.md
181 silly gunzTarPerm modified mode [ 'README.md', 420, 438 ]
182 silly gunzTarPerm extractEntry bindings.js
183 silly gunzTarPerm modified mode [ 'bindings.js', 420, 438 ]
184 silly gunzTarPerm extractEntry nan_converters.h
185 silly gunzTarPerm modified mode [ 'nan_converters.h', 436, 438 ]
186 silly gunzTarPerm extractEntry LICENSE.md
187 silly gunzTarPerm modified mode [ 'LICENSE.md', 436, 438 ]
188 silly gunzTarPerm extractEntry .dntrc
189 silly gunzTarPerm modified mode [ '.dntrc', 436, 438 ]
190 silly gunzTarPerm extractEntry appveyor.yml
191 silly gunzTarPerm modified mode [ 'appveyor.yml', 436, 438 ]
192 silly gunzTarPerm extractEntry doc/new.md
193 silly gunzTarPerm modified mode [ 'doc/new.md', 436, 438 ]
194 silly gunzTarPerm extractEntry doc/.build.sh
195 silly gunzTarPerm modified mode [ 'doc/.build.sh', 509, 511 ]
196 verbose write writing to c:\Users\Patrick\Desktop\Sublime Projects\Week 9\Project\Sublease Website\node_modules\bcrypt\node_modules\bindings\package.json
197 silly gunzTarPerm extractEntry doc/buffers.md
198 silly gunzTarPerm modified mode [ 'doc/buffers.md', 436, 438 ]
199 silly gunzTarPerm extractEntry doc/callback.md
200 silly gunzTarPerm modified mode [ 'doc/callback.md', 436, 438 ]
201 info preinstall bindings@1.2.1
202 verbose readDependencies loading dependencies from c:\Users\Patrick\Desktop\Sublime Projects\Week 9\Project\Sublease Website\node_modules\bcrypt\node_modules\bindings\package.json
203 silly gunzTarPerm extractEntry doc/converters.md
204 silly gunzTarPerm modified mode [ 'doc/converters.md', 436, 438 ]
205 silly gunzTarPerm extractEntry doc/errors.md
206 silly gunzTarPerm modified mode [ 'doc/errors.md', 436, 438 ]
207 verbose readDependencies loading dependencies from c:\Users\Patrick\Desktop\Sublime Projects\Week 9\Project\Sublease Website\node_modules\bcrypt\node_modules\bindings\package.json
208 silly install resolved []
209 verbose about to build c:\Users\Patrick\Desktop\Sublime Projects\Week 9\Project\Sublease Website\node_modules\bcrypt\node_modules\bindings
210 info build c:\Users\Patrick\Desktop\Sublime Projects\Week 9\Project\Sublease Website\node_modules\bcrypt\node_modules\bindings
211 info linkStuff bindings@1.2.1
212 silly linkStuff bindings@1.2.1 has c:\Users\Patrick\Desktop\Sublime Projects\Week 9\Project\Sublease Website\node_modules\bcrypt\node_modules as its parent node_modules
213 silly gunzTarPerm extractEntry doc/maybe_types.md
214 silly gunzTarPerm modified mode [ 'doc/maybe_types.md', 436, 438 ]
215 silly gunzTarPerm extractEntry doc/methods.md
216 silly gunzTarPerm modified mode [ 'doc/methods.md', 436, 438 ]
217 verbose linkBins bindings@1.2.1
218 verbose linkMans bindings@1.2.1
219 verbose rebuildBundles bindings@1.2.1
220 info install bindings@1.2.1
221 info postinstall bindings@1.2.1
222 verbose unlock done using C:\Users\Patrick\AppData\Roaming\npm-cache\_locks\bindings-9f34d95cbd2de6aa.lock for c:\Users\Patrick\Desktop\Sublime Projects\Week 9\Project\Sublease Website\node_modules\bcrypt\node_modules\bindings
223 silly gunzTarPerm extractEntry doc/asyncworker.md
224 silly gunzTarPerm modified mode [ 'doc/asyncworker.md', 436, 438 ]
225 silly gunzTarPerm extractEntry doc/node_misc.md
226 silly gunzTarPerm modified mode [ 'doc/node_misc.md', 436, 438 ]
227 silly gunzTarPerm extractEntry doc/persistent.md
228 silly gunzTarPerm modified mode [ 'doc/persistent.md', 436, 438 ]
229 silly gunzTarPerm extractEntry doc/scopes.md
230 silly gunzTarPerm modified mode [ 'doc/scopes.md', 436, 438 ]
231 silly gunzTarPerm extractEntry doc/script.md
232 silly gunzTarPerm modified mode [ 'doc/script.md', 436, 438 ]
233 silly gunzTarPerm extractEntry doc/string_bytes.md
234 silly gunzTarPerm modified mode [ 'doc/string_bytes.md', 436, 438 ]
235 silly gunzTarPerm extractEntry doc/v8_internals.md
236 silly gunzTarPerm modified mode [ 'doc/v8_internals.md', 436, 438 ]
237 silly gunzTarPerm extractEntry doc/v8_misc.md
238 silly gunzTarPerm modified mode [ 'doc/v8_misc.md', 436, 438 ]
239 silly gunzTarPerm extractEntry nan.h
240 silly gunzTarPerm modified mode [ 'nan.h', 436, 438 ]
241 silly gunzTarPerm extractEntry nan_callbacks.h
242 silly gunzTarPerm modified mode [ 'nan_callbacks.h', 436, 438 ]
243 silly gunzTarPerm extractEntry nan_callbacks_12_inl.h
244 silly gunzTarPerm modified mode [ 'nan_callbacks_12_inl.h', 436, 438 ]
245 silly gunzTarPerm extractEntry nan_callbacks_pre_12_inl.h
246 silly gunzTarPerm modified mode [ 'nan_callbacks_pre_12_inl.h', 436, 438 ]
247 silly gunzTarPerm extractEntry nan_converters_43_inl.h
248 silly gunzTarPerm modified mode [ 'nan_converters_43_inl.h', 436, 438 ]
249 silly gunzTarPerm extractEntry nan_converters_pre_43_inl.h
250 silly gunzTarPerm modified mode [ 'nan_converters_pre_43_inl.h', 436, 438 ]
251 silly gunzTarPerm extractEntry nan_implementation_12_inl.h
252 silly gunzTarPerm modified mode [ 'nan_implementation_12_inl.h', 436, 438 ]
253 silly gunzTarPerm extractEntry nan_implementation_pre_12_inl.h
254 silly gunzTarPerm modified mode [ 'nan_implementation_pre_12_inl.h', 436, 438 ]
255 silly gunzTarPerm extractEntry nan_maybe_43_inl.h
256 silly gunzTarPerm modified mode [ 'nan_maybe_43_inl.h', 436, 438 ]
257 silly gunzTarPerm extractEntry nan_maybe_pre_43_inl.h
258 silly gunzTarPerm modified mode [ 'nan_maybe_pre_43_inl.h', 436, 438 ]
259 silly gunzTarPerm extractEntry nan_new.h
260 silly gunzTarPerm modified mode [ 'nan_new.h', 436, 438 ]
261 silly gunzTarPerm extractEntry nan_object_wrap.h
262 silly gunzTarPerm modified mode [ 'nan_object_wrap.h', 436, 438 ]
263 silly gunzTarPerm extractEntry nan_persistent_12_inl.h
264 silly gunzTarPerm modified mode [ 'nan_persistent_12_inl.h', 436, 438 ]
265 silly gunzTarPerm extractEntry nan_persistent_pre_12_inl.h
266 silly gunzTarPerm modified mode [ 'nan_persistent_pre_12_inl.h', 436, 438 ]
267 silly gunzTarPerm extractEntry nan_string_bytes.h
268 silly gunzTarPerm modified mode [ 'nan_string_bytes.h', 436, 438 ]
269 silly gunzTarPerm extractEntry nan_weak.h
270 silly gunzTarPerm modified mode [ 'nan_weak.h', 436, 438 ]
271 silly gunzTarPerm extractEntry CHANGELOG.md
272 silly gunzTarPerm modified mode [ 'CHANGELOG.md', 436, 438 ]
273 silly gunzTarPerm extractEntry tools/package.json
274 silly gunzTarPerm modified mode [ 'tools/package.json', 436, 438 ]
275 silly gunzTarPerm extractEntry tools/README.md
276 silly gunzTarPerm modified mode [ 'tools/README.md', 436, 438 ]
277 silly gunzTarPerm extractEntry tools/1to2.js
278 silly gunzTarPerm modified mode [ 'tools/1to2.js', 509, 511 ]
279 verbose write writing to c:\Users\Patrick\Desktop\Sublime Projects\Week 9\Project\Sublease Website\node_modules\bcrypt\node_modules\nan\package.json
280 info preinstall nan@2.0.5
281 verbose readDependencies loading dependencies from c:\Users\Patrick\Desktop\Sublime Projects\Week 9\Project\Sublease Website\node_modules\bcrypt\node_modules\nan\package.json
282 verbose readDependencies loading dependencies from c:\Users\Patrick\Desktop\Sublime Projects\Week 9\Project\Sublease Website\node_modules\bcrypt\node_modules\nan\package.json
283 silly install resolved []
284 verbose about to build c:\Users\Patrick\Desktop\Sublime Projects\Week 9\Project\Sublease Website\node_modules\bcrypt\node_modules\nan
285 info build c:\Users\Patrick\Desktop\Sublime Projects\Week 9\Project\Sublease Website\node_modules\bcrypt\node_modules\nan
286 info linkStuff nan@2.0.5
287 silly linkStuff nan@2.0.5 has c:\Users\Patrick\Desktop\Sublime Projects\Week 9\Project\Sublease Website\node_modules\bcrypt\node_modules as its parent node_modules
288 verbose linkBins nan@2.0.5
289 verbose linkMans nan@2.0.5
290 verbose rebuildBundles nan@2.0.5
291 info install nan@2.0.5
292 info postinstall nan@2.0.5
293 verbose unlock done using C:\Users\Patrick\AppData\Roaming\npm-cache\_locks\nan-2da9c41294426e29.lock for c:\Users\Patrick\Desktop\Sublime Projects\Week 9\Project\Sublease Website\node_modules\bcrypt\node_modules\nan
294 verbose about to build c:\Users\Patrick\Desktop\Sublime Projects\Week 9\Project\Sublease Website\node_modules\bcrypt
295 info build c:\Users\Patrick\Desktop\Sublime Projects\Week 9\Project\Sublease Website\node_modules\bcrypt
296 info linkStuff bcrypt@0.8.5
297 silly linkStuff bcrypt@0.8.5 has c:\Users\Patrick\Desktop\Sublime Projects\Week 9\Project\Sublease Website\node_modules as its parent node_modules
298 verbose linkBins bcrypt@0.8.5
299 verbose linkMans bcrypt@0.8.5
300 verbose rebuildBundles bcrypt@0.8.5
301 verbose rebuildBundles [ 'bindings', 'nan' ]
302 info install bcrypt@0.8.5
303 verbose unsafe-perm in lifecycle true
304 info bcrypt@0.8.5 Failed to exec install script
305 verbose unlock done using C:\Users\Patrick\AppData\Roaming\npm-cache\_locks\bcrypt-b8e4e5ae701d8d9e.lock for c:\Users\Patrick\Desktop\Sublime Projects\Week 9\Project\Sublease Website\node_modules\bcrypt
306 verbose stack Error: bcrypt@0.8.5 install: `node-gyp rebuild`
306 verbose stack Exit status 1
306 verbose stack     at EventEmitter.<anonymous> (c:\Program Files\nodejs\node_modules\npm\lib\utils\lifecycle.js:213:16)
306 verbose stack     at EventEmitter.emit (events.js:110:17)
306 verbose stack     at ChildProcess.<anonymous> (c:\Program Files\nodejs\node_modules\npm\lib\utils\spawn.js:24:14)
306 verbose stack     at ChildProcess.emit (events.js:110:17)
306 verbose stack     at maybeClose (child_process.js:1015:16)
306 verbose stack     at Process.ChildProcess._handle.onexit (child_process.js:1087:5)
307 verbose pkgid bcrypt@0.8.5
308 verbose cwd c:\Users\Patrick\Desktop\Sublime Projects\Week 9\Project\Sublease Website
309 error Windows_NT 6.3.9600
310 error argv "c:\\Program Files\\nodejs\\node.exe" "c:\\Program Files\\nodejs\\node_modules\\npm\\bin\\npm-cli.js" "install" "bcrypt"
311 error node v0.12.4
312 error npm  v2.10.1
313 error code ELIFECYCLE
314 error bcrypt@0.8.5 install: `node-gyp rebuild`
314 error Exit status 1
315 error Failed at the bcrypt@0.8.5 install script 'node-gyp rebuild'.
315 error This is most likely a problem with the bcrypt package,
315 error not with npm itself.
315 error Tell the author that this fails on your system:
315 error     node-gyp rebuild
315 error You can get their info via:
315 error     npm owner ls bcrypt
315 error There is likely additional logging output above.
316 verbose exit [ 1, true ]
317 verbose unbuild node_modules\bcrypt
318 info preuninstall bcrypt@0.8.5
319 info uninstall bcrypt@0.8.5
320 verbose unbuild rmStuff bcrypt@0.8.5 from c:\Users\Patrick\Desktop\Sublime Projects\Week 9\Project\Sublease Website\node_modules
321 info postuninstall bcrypt@0.8.5
322 silly gentlyRm c:\Users\Patrick\Desktop\Sublime Projects\Week 9\Project\Sublease Website\node_modules\bcrypt is being purged from base c:\Users\Patrick\Desktop\Sublime Projects\Week 9\Project\Sublease Website
323 verbose gentlyRm don't care about contents; nuking c:\Users\Patrick\Desktop\Sublime Projects\Week 9\Project\Sublease Website\node_modules\bcrypt
324 silly vacuum-fs purging c:\Users\Patrick\Desktop\Sublime Projects\Week 9\Project\Sublease Website\node_modules\bcrypt
325 silly vacuum-fs quitting because other entries in c:\Users\Patrick\Desktop\Sublime Projects\Week 9\Project\Sublease Website\node_modules
